0 info it worked if it ends with ok
1 verbose cli [ 'D:\\Program Files\\Sublime Text\\Data\\Packages\\JavaScript Completions\\node_binaries\\windows-32bit\\node.exe',
1 verbose cli   'D:\\Program Files\\Sublime Text\\Data\\Packages\\JavaScript Completions\\node_binaries\\windows-32bit\\node_modules\\npm\\bin\\npm-cli.js',
1 verbose cli   'prefix',
1 verbose cli   '-g' ]
2 info using npm@4.1.2
3 info using node@v7.7.0
4 verbose stack Error: Cannot find module 'is-property'
4 verbose stack     at Function.Module._resolveFilename (module.js:470:15)
4 verbose stack     at Function.Module._load (module.js:418:25)
4 verbose stack     at Module.require (module.js:498:17)
4 verbose stack     at require (internal/module.js:20:19)
4 verbose stack     at Object.<anonymous> (D:\Program Files\Sublime Text\Data\Packages\JavaScript Completions\node_binaries\windows-32bit\node_modules\npm\node_modules\request\node_modules\har-validator\node_modules\is-my-json-valid\node_modules\generate-object-property\index.js:1:80)
4 verbose stack     at Module._compile (module.js:571:32)
4 verbose stack     at Object.Module._extensions..js (module.js:580:10)
4 verbose stack     at Module.load (module.js:488:32)
4 verbose stack     at tryModuleLoad (module.js:447:12)
4 verbose stack     at Function.Module._load (module.js:439:3)
5 verbose cwd C:\Users\Admin\Desktop\bbsj\pages\my
6 error Windows_NT 6.1.7601
7 error argv "D:\\Program Files\\Sublime Text\\Data\\Packages\\JavaScript Completions\\node_binaries\\windows-32bit\\node.exe" "D:\\Program Files\\Sublime Text\\Data\\Packages\\JavaScript Completions\\node_binaries\\windows-32bit\\node_modules\\npm\\bin\\npm-cli.js" "prefix" "-g"
8 error node v7.7.0
9 error npm  v4.1.2
10 error code MODULE_NOT_FOUND
11 error Cannot find module 'is-property'
12 error If you need help, you may report this error at:
12 error     <https://github.com/npm/npm/issues>
13 verbose exit [ 1, true ]
